<?xml version="1.0" encoding="UTF-8"?>
<testng-results skipped="0" failed="1" ignored="0" total="1" passed="0">
  <reporter-output>
  </reporter-output>
  <suite name="Default suite" duration-ms="13516" started-at="2019-02-13T16:26:55Z" finished-at="2019-02-13T16:27:09Z">
    <groups>
    </groups>
    <test name="Default test" duration-ms="13516" started-at="2019-02-13T16:26:55Z" finished-at="2019-02-13T16:27:09Z">
      <class name="com.parking.tests.ParkCalculate">
        <test-method status="PASS" signature="beforeALLtST()[pri:0, instance:com.parking.tests.ParkCalculate@1753acfe]" name="beforeALLtST" is-config="true" duration-ms="30" started-at="2019-02-13T11:26:55Z" finished-at="2019-02-13T11:26:55Z">
          <reporter-output>
          </reporter-output>
        </test-method> <!-- beforeALLtST -->
        <test-method status="PASS" signature="accept()[pri:0, instance:com.parking.tests.ParkCalculate@1753acfe]" name="accept" is-config="true" duration-ms="11228" started-at="2019-02-13T11:26:55Z" finished-at="2019-02-13T11:27:06Z">
          <reporter-output>
          </reporter-output>
        </test-method> <!-- accept -->
        <test-method status="FAIL" signature="runningtheCalculation()[pri:0, instance:com.parking.tests.ParkCalculate@1753acfe]" name="runningtheCalculation" duration-ms="2229" started-at="2019-02-13T11:27:06Z" finished-at="2019-02-13T11:27:09Z">
          <exception class="java.lang.AssertionError">
            <message>
              <![CDATA[expected [[[ChromeDriver: chrome on XP (7e8b4740580b379a6d8e1b0af38215e9)] -> class name: SubHead]] but found [500.35]]]>
            </message>
            <full-stacktrace>
              <![CDATA[java.lang.AssertionError: expected [[[ChromeDriver: chrome on XP (7e8b4740580b379a6d8e1b0af38215e9)] -> class name: SubHead]] but found [500.35]
	at org.testng.Assert.fail(Assert.java:93)
	at org.testng.Assert.failNotEquals(Assert.java:512)
	at org.testng.Assert.assertEqualsImpl(Assert.java:134)
	at org.testng.Assert.assertEquals(Assert.java:115)
	at org.testng.Assert.assertEquals(Assert.java:189)
	at org.testng.Assert.assertEquals(Assert.java:199)
	at com.parking.page.HomePage.verification(HomePage.java:72)
	at com.parking.tests.ParkCalculate.runningtheCalculation(ParkCalculate.java:21)
	at sun.reflect.NativeMethodAccessorImpl.invoke0(Native Method)
	at sun.reflect.NativeMethodAccessorImpl.invoke(Unknown Source)
	at sun.reflect.DelegatingMethodAccessorImpl.invoke(Unknown Source)
	at java.lang.reflect.Method.invoke(Unknown Source)
	at org.testng.internal.MethodInvocationHelper.invokeMethod(MethodInvocationHelper.java:108)
	at org.testng.internal.Invoker.invokeMethod(Invoker.java:661)
	at org.testng.internal.Invoker.invokeTestMethod(Invoker.java:869)
	at org.testng.internal.Invoker.invokeTestMethods(Invoker.java:1193)
	at org.testng.internal.TestMethodWorker.invokeTestMethods(TestMethodWorker.java:126)
	at org.testng.internal.TestMethodWorker.run(TestMethodWorker.java:109)
	at org.testng.TestRunner.privateRun(TestRunner.java:744)
	at org.testng.TestRunner.run(TestRunner.java:602)
	at org.testng.SuiteRunner.runTest(SuiteRunner.java:380)
	at org.testng.SuiteRunner.runSequentially(SuiteRunner.java:375)
	at org.testng.SuiteRunner.privateRun(SuiteRunner.java:340)
	at org.testng.SuiteRunner.run(SuiteRunner.java:289)
	at org.testng.SuiteRunnerWorker.runSuite(SuiteRunnerWorker.java:52)
	at org.testng.SuiteRunnerWorker.run(SuiteRunnerWorker.java:86)
	at org.testng.TestNG.runSuitesSequentially(TestNG.java:1301)
	at org.testng.TestNG.runSuitesLocally(TestNG.java:1226)
	at org.testng.TestNG.runSuites(TestNG.java:1144)
	at org.testng.TestNG.run(TestNG.java:1115)
	at org.testng.remote.AbstractRemoteTestNG.run(AbstractRemoteTestNG.java:114)
	at org.testng.remote.RemoteTestNG.initAndRun(RemoteTestNG.java:251)
	at org.testng.remote.RemoteTestNG.main(RemoteTestNG.java:77)
]]>
            </full-stacktrace>
          </exception> <!-- java.lang.AssertionError -->
          <reporter-output>
          </reporter-output>
        </test-method> <!-- runningtheCalculation -->
      </class> <!-- com.parking.tests.ParkCalculate -->
    </test> <!-- Default test -->
  </suite> <!-- Default suite -->
</testng-results>
